\BOOKMARK [0][-]{section*.1}{Contents}{}
\BOOKMARK [1][-]{section*.2}{Introduction}{section*.1}
\BOOKMARK [1][-]{section*.3}{Problem 1: Mandatory}{section*.1}
\BOOKMARK [1][-]{section*.4}{Problem 2: Taylor}{section*.1}
\BOOKMARK [2][-]{section*.5}{Taylor Series}{section*.4}
\BOOKMARK [2][-]{section*.6}{Taylor's Theorem}{section*.4}
\BOOKMARK [1][-]{section*.7}{Problem 3: Line Search Methods}{section*.1}
\BOOKMARK [2][-]{section*.8}{Armijo Conditions}{section*.7}
\BOOKMARK [2][-]{section*.9}{Wolfe Conditions}{section*.7}
\BOOKMARK [2][-]{section*.10}{Armijo Back-tracking}{section*.7}
\BOOKMARK [1][-]{section*.11}{Problem 4: Trust Region Methods}{section*.1}
\BOOKMARK [2][-]{section*.12}{Levenberg-Marquardt}{section*.11}
\BOOKMARK [2][-]{section*.13}{Dogleg}{section*.11}
\BOOKMARK [1][-]{section*.14}{Problem 5: First Order Optimality Conditions}{section*.1}
\BOOKMARK [1][-]{section*.15}{Problem 6: Calculus of Variation}{section*.1}
\BOOKMARK [1][-]{section*.16}{Problem 7: Linear Complementary Problem}{section*.1}
\BOOKMARK [2][-]{section*.17}{Connection to Constrained Optimization}{section*.16}
\BOOKMARK [2][-]{section*.18}{Algebraic Transformation from LCP to QP}{section*.16}
\BOOKMARK [1][-]{section*.19}{Problem 8: Splitting Method}{section*.1}
\BOOKMARK [1][-]{section*.22}{Problem 9: Reformulation}{section*.1}
\BOOKMARK [1][-]{section*.23}{Problem 11: Problem Modeling}{section*.1}
\BOOKMARK [1][-]{section*.24}{Problem 12: Comparison of Splittings}{section*.1}
\BOOKMARK [1][-]{section*.25}{Notes on Absense}{section*.1}
